<?xml version="1.0" encoding="UTF-8"?>
<!-- Generated by org.testng.reporters.JUnitReportReporter -->
<testsuite hostname="BHAVESH" failures="0" tests="1" name="com.inetBanking.testCases.TC_AddCustomer_003" time="10.270" errors="0" timestamp="17 Jun 2022 19:34:39 GMT" skipped="0">
  <testcase classname="com.inetBanking.testCases.TC_AddCustomer_003" name="AddCustomer" time="10.270"/>
</testsuite> <!-- com.inetBanking.testCases.TC_AddCustomer_003 -->
