<?xml version="1.0" encoding="UTF-8"?>
<!-- Generated by org.testng.reporters.JUnitReportReporter -->
<testsuite skipped="0" hostname="BHAVESH" name="com.inetBanking.testCases.TC_AddCustomer_003" tests="1" failures="0" timestamp="17 Jun 2022 19:46:03 GMT" time="10.470" errors="0">
  <testcase name="AddCustomer" time="10.470" classname="com.inetBanking.testCases.TC_AddCustomer_003"/>
</testsuite> <!-- com.inetBanking.testCases.TC_AddCustomer_003 -->
