<?xml version="1.0" encoding="UTF-8"?>
<!-- Generated by org.testng.reporters.JUnitReportReporter -->
<testsuite skipped="0" hostname="BHAVESH" name="com.inetBanking.testCases.TC_LoginTest_001" tests="1" failures="0" timestamp="17 Jun 2022 19:46:03 GMT" time="3.235" errors="0">
  <testcase name="loginTest" time="3.235" classname="com.inetBanking.testCases.TC_LoginTest_001"/>
</testsuite> <!-- com.inetBanking.testCases.TC_LoginTest_001 -->
